Using pre-set license
Built from '2020.2/release' branch; Version is '2020.2.1f1 (270dd8c3da1c) revision 2559448'; Using compiler version '192528614'; Build Type 'Release'
OS: 'Windows 10  (10.0.0) 64bit' Language: 'en' Physical Memory: 7123 MB
BatchMode: 1, IsHumanControllingUs: 0, StartBugReporterOnCrash: 0, Is64bit: 1, IsPro: 0

 COMMAND LINE ARGUMENTS:
C:\Program Files\Unity\Hub\Editor\2020.2.1f1\Editor\Unity.exe
-adb2
-batchMode
-noUpm
-name
AssetImportWorker0
-projectPath
C:/Users/Megha/Documents/Unity/MeghanC_UnityPrototype3/MeghanC_Unity3Project
-logFile
Logs/AssetImportWorker0.log
-srvPort
54524
Successfully changed project path to: C:/Users/Megha/Documents/Unity/MeghanC_UnityPrototype3/MeghanC_Unity3Project
C:/Users/Megha/Documents/Unity/MeghanC_UnityPrototype3/MeghanC_Unity3Project
Using Asset Import Pipeline V2.
Refreshing native plugins compatible for Editor in 54.15 ms, found 0 plugins.
Preloading 0 native plugins for Editor in 0.00 ms.
Initialize engine version: 2020.2.1f1 (270dd8c3da1c)
[Subsystems] Discovering subsystems at path C:/Program Files/Unity/Hub/Editor/2020.2.1f1/Editor/Data/Resources/UnitySubsystems
[Subsystems] Discovering subsystems at path C:/Users/Megha/Documents/Unity/MeghanC_UnityPrototype3/MeghanC_Unity3Project/Assets
GfxDevice: creating device client; threaded=0
Direct3D:
    Version:  Direct3D 11.0 [level 11.1]
    Renderer: AMD Radeon(TM) Vega 8 Graphics (ID=0x15dd)
    Vendor:   
    VRAM:     3561 MB
    Driver:   27.20.12033.1007
Initialize mono
Mono path[0] = 'C:/Program Files/Unity/Hub/Editor/2020.2.1f1/Editor/Data/Managed'
Mono path[1] = 'C:/Program Files/Unity/Hub/Editor/2020.2.1f1/Editor/Data/MonoBleedingEdge/lib/mono/unityjit'
Mono config path = 'C:/Program Files/Unity/Hub/Editor/2020.2.1f1/Editor/Data/MonoBleedingEdge/etc'
Using monoOptions --debugger-agent=transport=dt_socket,embedding=1,server=y,suspend=n,address=127.0.0.1:56872
Begin MonoManager ReloadAssembly
Registering precompiled unity dll's ...
Register platform support module: C:/Program Files/Unity/Hub/Editor/2020.2.1f1/Editor/Data/PlaybackEngines/MacStandaloneSupport/UnityEditor.OSXStandalone.Extensions.dll
Register platform support module: C:/Program Files/Unity/Hub/Editor/2020.2.1f1/Editor/Data/PlaybackEngines/WindowsStandaloneSupport/UnityEditor.WindowsStandalone.Extensions.dll
Registered in 0.003754 seconds.
Native extension for WindowsStandalone target not found
Native extension for OSXStandalone target not found
Refreshing native plugins compatible for Editor in 39.48 ms, found 0 plugins.
Preloading 0 native plugins for Editor in 0.00 ms.
Invoked RoslynAnalysisRunner static constructor.
RoslynAnalysisRunner will not be running.
RoslynAnalysisRunner has terminated.
Mono: successfully reloaded assembly
- Completed reload, in  1.986 seconds
Platform modules already initialized, skipping
Registering precompiled user dll's ...
Registered in 0.001668 seconds.
Begin MonoManager ReloadAssembly
Native extension for WindowsStandalone target not found
Native extension for OSXStandalone target not found
Refreshing native plugins compatible for Editor in 0.89 ms, found 0 plugins.
Preloading 0 native plugins for Editor in 0.00 ms.
Invoked RoslynAnalysisRunner static constructor.
RoslynAnalysisRunner will not be running.
RoslynAnalysisRunner has terminated.
Mono: successfully reloaded assembly
- Completed reload, in  1.741 seconds
Platform modules already initialized, skipping
========================================================================
Worker process is ready to serve import requests
Launched and connected shader compiler UnityShaderCompiler.exe after 0.23 seconds
Refreshing native plugins compatible for Editor in 0.33 ms, found 0 plugins.
Preloading 0 native plugins for Editor in 0.00 ms.
Unloading 1214 Unused Serialized files (Serialized files now loaded: 0)
System memory in use before: 65.0 MB.
System memory in use after: 65.1 MB.

Unloading 9 unused Assets to reduce memory usage. Loaded Objects now: 1658.
Total: 2.434500 ms (FindLiveObjects: 0.190300 ms CreateObjectMapping: 0.042000 ms MarkObjects: 2.128200 ms  DeleteObjects: 0.071900 ms)

========================================================================
Received Import Request.
  path: Assets
  artifactKey: Guid(00000000000000001000000000000000) Importer(815301076,1909f56bfc062723c751e8b465ee728b)
Start importing Assets using Guid(00000000000000001000000000000000) Importer(815301076,1909f56bfc062723c751e8b465ee728b)  -> (artifact id: 'e1a2c4dac9df7c17871e19a3b74f0e9f') in 0.048455 seconds
  Import took 0.077346 seconds .

========================================================================
Received Prepare
Registering precompiled user dll's ...
Registered in 0.001651 seconds.
Begin MonoManager ReloadAssembly
Native extension for WindowsStandalone target not found
Native extension for OSXStandalone target not found
Refreshing native plugins compatible for Editor in 0.34 ms, found 0 plugins.
Preloading 0 native plugins for Editor in 0.00 ms.
Invoked RoslynAnalysisRunner static constructor.
RoslynAnalysisRunner will not be running.
RoslynAnalysisRunner has terminated.
Mono: successfully reloaded assembly
- Completed reload, in  1.291 seconds
Platform modules already initialized, skipping
Refreshing native plugins compatible for Editor in 0.36 ms, found 0 plugins.
Preloading 0 native plugins for Editor in 0.00 ms.
Unloading 1182 Unused Serialized files (Serialized files now loaded: 0)
System memory in use before: 63.3 MB.
System memory in use after: 63.4 MB.

Unloading 4 unused Assets to reduce memory usage. Loaded Objects now: 1660.
Total: 2.586700 ms (FindLiveObjects: 0.233000 ms CreateObjectMapping: 0.054600 ms MarkObjects: 2.274100 ms  DeleteObjects: 0.023200 ms)

========================================================================
Received Prepare
Registering precompiled user dll's ...
Registered in 0.001858 seconds.
Begin MonoManager ReloadAssembly
Native extension for WindowsStandalone target not found
Native extension for OSXStandalone target not found
Refreshing native plugins compatible for Editor in 0.32 ms, found 0 plugins.
Preloading 0 native plugins for Editor in 0.00 ms.
Invoked RoslynAnalysisRunner static constructor.
RoslynAnalysisRunner will not be running.
RoslynAnalysisRunner has terminated.
Mono: successfully reloaded assembly
- Completed reload, in  1.386 seconds
Platform modules already initialized, skipping
Refreshing native plugins compatible for Editor in 0.34 ms, found 0 plugins.
Preloading 0 native plugins for Editor in 0.00 ms.
Unloading 1182 Unused Serialized files (Serialized files now loaded: 0)
System memory in use before: 64.1 MB.
System memory in use after: 64.2 MB.

Unloading 4 unused Assets to reduce memory usage. Loaded Objects now: 1662.
Total: 2.796800 ms (FindLiveObjects: 0.191600 ms CreateObjectMapping: 0.040900 ms MarkObjects: 2.532400 ms  DeleteObjects: 0.030100 ms)

========================================================================
Received Import Request.
  Time since last request: 10548.531086 seconds.
  path: Assets/MovingPlatform.cs
  artifactKey: Guid(10d2f473a571c964c988288f55793c9d) Importer(815301076,1909f56bfc062723c751e8b465ee728b)
Start importing Assets/MovingPlatform.cs using Guid(10d2f473a571c964c988288f55793c9d) Importer(815301076,1909f56bfc062723c751e8b465ee728b)  -> (artifact id: '60cf1a1244c5b1b62203cef8ed087da9') in 0.245613 seconds
  Import took 0.250723 seconds .

========================================================================
Received Prepare
Registering precompiled user dll's ...
Registered in 0.001799 seconds.
Begin MonoManager ReloadAssembly
Native extension for WindowsStandalone target not found
Native extension for OSXStandalone target not found
Refreshing native plugins compatible for Editor in 0.35 ms, found 0 plugins.
Preloading 0 native plugins for Editor in 0.00 ms.
Invoked RoslynAnalysisRunner static constructor.
RoslynAnalysisRunner will not be running.
RoslynAnalysisRunner has terminated.
Mono: successfully reloaded assembly
- Completed reload, in  1.292 seconds
Platform modules already initialized, skipping
Refreshing native plugins compatible for Editor in 0.34 ms, found 0 plugins.
Preloading 0 native plugins for Editor in 0.00 ms.
Unloading 1182 Unused Serialized files (Serialized files now loaded: 0)
System memory in use before: 64.4 MB.
System memory in use after: 64.4 MB.

Unloading 4 unused Assets to reduce memory usage. Loaded Objects now: 1664.
Total: 3.787900 ms (FindLiveObjects: 0.224700 ms CreateObjectMapping: 0.051900 ms MarkObjects: 3.488800 ms  DeleteObjects: 0.019600 ms)

========================================================================
Received Prepare
Registering precompiled user dll's ...
Registered in 0.003239 seconds.
Begin MonoManager ReloadAssembly
Native extension for WindowsStandalone target not found
Native extension for OSXStandalone target not found
Refreshing native plugins compatible for Editor in 0.41 ms, found 0 plugins.
Preloading 0 native plugins for Editor in 0.00 ms.
Invoked RoslynAnalysisRunner static constructor.
RoslynAnalysisRunner will not be running.
RoslynAnalysisRunner has terminated.
Mono: successfully reloaded assembly
- Completed reload, in  1.308 seconds
Platform modules already initialized, skipping
Refreshing native plugins compatible for Editor in 0.54 ms, found 0 plugins.
Preloading 0 native plugins for Editor in 0.00 ms.
Unloading 1229 Unused Serialized files (Serialized files now loaded: 0)
System memory in use before: 67.0 MB.
System memory in use after: 66.6 MB.

Unloading 17 unused Assets to reduce memory usage. Loaded Objects now: 1700.
Total: 3.774500 ms (FindLiveObjects: 0.285600 ms CreateObjectMapping: 0.052500 ms MarkObjects: 2.911000 ms  DeleteObjects: 0.523500 ms)

========================================================================
Received Import Request.
  Time since last request: 2990.098795 seconds.
  path: Assets/Testing.asset
  artifactKey: Guid(f34041f5170c55c429f2e1e8cb7353b0) Importer(815301076,1909f56bfc062723c751e8b465ee728b)
Start importing Assets/Testing.asset using Guid(f34041f5170c55c429f2e1e8cb7353b0) Importer(815301076,1909f56bfc062723c751e8b465ee728b)  -> (artifact id: 'd64795932b40ce75568103eed8119c7b') in 0.050760 seconds
  Import took 0.511448 seconds .

========================================================================
Received Import Request.
  Time since last request: 10.854850 seconds.
  path: Assets/TextScript.cs
  artifactKey: Guid(831e75ad97b42c14f8301d6367140bad) Importer(815301076,1909f56bfc062723c751e8b465ee728b)
Start importing Assets/TextScript.cs using Guid(831e75ad97b42c14f8301d6367140bad) Importer(815301076,1909f56bfc062723c751e8b465ee728b)  -> (artifact id: '57f39113dcdaed5b207af0fa0737a64d') in 0.028341 seconds
  Import took 0.032800 seconds .

========================================================================
Received Prepare
Registering precompiled user dll's ...
Registered in 0.001228 seconds.
Begin MonoManager ReloadAssembly
Native extension for WindowsStandalone target not found
Native extension for OSXStandalone target not found
Refreshing native plugins compatible for Editor in 0.48 ms, found 0 plugins.
Preloading 0 native plugins for Editor in 0.00 ms.
Invoked RoslynAnalysisRunner static constructor.
RoslynAnalysisRunner will not be running.
RoslynAnalysisRunner has terminated.
Mono: successfully reloaded assembly
- Completed reload, in  2.294 seconds
Platform modules already initialized, skipping
Refreshing native plugins compatible for Editor in 0.57 ms, found 0 plugins.
Preloading 0 native plugins for Editor in 0.00 ms.
Unloading 1230 Unused Serialized files (Serialized files now loaded: 0)
System memory in use before: 67.2 MB.
System memory in use after: 66.8 MB.

Unloading 17 unused Assets to reduce memory usage. Loaded Objects now: 1703.
Total: 4.399400 ms (FindLiveObjects: 0.289700 ms CreateObjectMapping: 0.067200 ms MarkObjects: 3.000400 ms  DeleteObjects: 1.039900 ms)

========================================================================
Received Prepare
Registering precompiled user dll's ...
Registered in 0.002334 seconds.
Begin MonoManager ReloadAssembly
Native extension for WindowsStandalone target not found
Native extension for OSXStandalone target not found
Refreshing native plugins compatible for Editor in 0.37 ms, found 0 plugins.
Preloading 0 native plugins for Editor in 0.00 ms.
Invoked RoslynAnalysisRunner static constructor.
RoslynAnalysisRunner will not be running.
RoslynAnalysisRunner has terminated.
Mono: successfully reloaded assembly
- Completed reload, in  1.461 seconds
Platform modules already initialized, skipping
Refreshing native plugins compatible for Editor in 0.39 ms, found 0 plugins.
Preloading 0 native plugins for Editor in 0.00 ms.
Unloading 1230 Unused Serialized files (Serialized files now loaded: 0)
System memory in use before: 67.2 MB.
System memory in use after: 66.8 MB.

Unloading 17 unused Assets to reduce memory usage. Loaded Objects now: 1705.
Total: 2.880300 ms (FindLiveObjects: 0.227600 ms CreateObjectMapping: 0.045700 ms MarkObjects: 2.122300 ms  DeleteObjects: 0.483200 ms)

========================================================================
Received Import Request.
  Time since last request: 524.579345 seconds.
  path: Assets/TextScript.cs
  artifactKey: Guid(831e75ad97b42c14f8301d6367140bad) Importer(815301076,1909f56bfc062723c751e8b465ee728b)
Start importing Assets/TextScript.cs using Guid(831e75ad97b42c14f8301d6367140bad) Importer(815301076,1909f56bfc062723c751e8b465ee728b)  -> (artifact id: '0f56f16947b0eb19281390e304363ba8') in 0.008902 seconds
  Import took 0.011909 seconds .

========================================================================
Received Prepare
Registering precompiled user dll's ...
Registered in 0.001727 seconds.
Begin MonoManager ReloadAssembly
Native extension for WindowsStandalone target not found
Native extension for OSXStandalone target not found
Refreshing native plugins compatible for Editor in 0.35 ms, found 0 plugins.
Preloading 0 native plugins for Editor in 0.00 ms.
Invoked RoslynAnalysisRunner static constructor.
RoslynAnalysisRunner will not be running.
RoslynAnalysisRunner has terminated.
Mono: successfully reloaded assembly
- Completed reload, in  1.355 seconds
Platform modules already initialized, skipping
Refreshing native plugins compatible for Editor in 0.36 ms, found 0 plugins.
Preloading 0 native plugins for Editor in 0.00 ms.
Unloading 1230 Unused Serialized files (Serialized files now loaded: 0)
System memory in use before: 66.9 MB.
System memory in use after: 66.4 MB.

Unloading 17 unused Assets to reduce memory usage. Loaded Objects now: 1707.
Total: 3.089800 ms (FindLiveObjects: 0.238000 ms CreateObjectMapping: 0.058000 ms MarkObjects: 2.251000 ms  DeleteObjects: 0.541200 ms)

========================================================================
Received Import Request.
  Time since last request: 20.500483 seconds.
  path: Assets/TextScript.cs
  artifactKey: Guid(831e75ad97b42c14f8301d6367140bad) Importer(815301076,1909f56bfc062723c751e8b465ee728b)
Start importing Assets/TextScript.cs using Guid(831e75ad97b42c14f8301d6367140bad) Importer(815301076,1909f56bfc062723c751e8b465ee728b)  -> (artifact id: '0f58bb29abea47e9c7997e4dcd2ef924') in 0.015585 seconds
  Import took 0.026204 seconds .

========================================================================
Received Prepare
Registering precompiled user dll's ...
Registered in 0.001416 seconds.
Begin MonoManager ReloadAssembly
Native extension for WindowsStandalone target not found
Native extension for OSXStandalone target not found
Refreshing native plugins compatible for Editor in 0.39 ms, found 0 plugins.
Preloading 0 native plugins for Editor in 0.00 ms.
Invoked RoslynAnalysisRunner static constructor.
RoslynAnalysisRunner will not be running.
RoslynAnalysisRunner has terminated.
Mono: successfully reloaded assembly
- Completed reload, in  1.318 seconds
Platform modules already initialized, skipping
Refreshing native plugins compatible for Editor in 0.39 ms, found 0 plugins.
Preloading 0 native plugins for Editor in 0.00 ms.
Unloading 1230 Unused Serialized files (Serialized files now loaded: 0)
System memory in use before: 67.2 MB.
System memory in use after: 66.7 MB.

Unloading 17 unused Assets to reduce memory usage. Loaded Objects now: 1709.
Total: 3.171200 ms (FindLiveObjects: 0.252600 ms CreateObjectMapping: 0.034700 ms MarkObjects: 2.361300 ms  DeleteObjects: 0.520600 ms)

========================================================================
Received Import Request.
  Time since last request: 41.934722 seconds.
  path: Assets/TextScript.cs
  artifactKey: Guid(831e75ad97b42c14f8301d6367140bad) Importer(815301076,1909f56bfc062723c751e8b465ee728b)
Start importing Assets/TextScript.cs using Guid(831e75ad97b42c14f8301d6367140bad) Importer(815301076,1909f56bfc062723c751e8b465ee728b)  -> (artifact id: 'd14b1f2d4d57ae7d9f52841e13a15a91') in 0.008567 seconds
  Import took 0.011164 seconds .

========================================================================
Received Prepare
Registering precompiled user dll's ...
Registered in 0.019843 seconds.
Begin MonoManager ReloadAssembly
Native extension for WindowsStandalone target not found
Native extension for OSXStandalone target not found
Refreshing native plugins compatible for Editor in 0.63 ms, found 0 plugins.
Preloading 0 native plugins for Editor in 0.00 ms.
Invoked RoslynAnalysisRunner static constructor.
RoslynAnalysisRunner will not be running.
RoslynAnalysisRunner has terminated.
Mono: successfully reloaded assembly
- Completed reload, in  2.771 seconds
Platform modules already initialized, skipping
Refreshing native plugins compatible for Editor in 0.37 ms, found 0 plugins.
Preloading 0 native plugins for Editor in 0.00 ms.
Unloading 1230 Unused Serialized files (Serialized files now loaded: 0)
System memory in use before: 67.1 MB.
System memory in use after: 66.6 MB.

Unloading 17 unused Assets to reduce memory usage. Loaded Objects now: 1711.
Total: 3.734000 ms (FindLiveObjects: 0.292600 ms CreateObjectMapping: 0.065200 ms MarkObjects: 2.912100 ms  DeleteObjects: 0.462000 ms)

