Using pre-set license
Built from '2020.2/release' branch; Version is '2020.2.1f1 (270dd8c3da1c) revision 2559448'; Using compiler version '192528614'; Build Type 'Release'
OS: 'Windows 10  (10.0.0) 64bit' Language: 'en' Physical Memory: 7123 MB
BatchMode: 1, IsHumanControllingUs: 0, StartBugReporterOnCrash: 0, Is64bit: 1, IsPro: 0

 COMMAND LINE ARGUMENTS:
C:\Program Files\Unity\Hub\Editor\2020.2.1f1\Editor\Unity.exe
-adb2
-batchMode
-noUpm
-name
AssetImportWorker0
-projectPath
C:/Users/Megha/Documents/Unity/MeghanC_UnityPrototype3/MeghanC_Unity3Project
-logFile
Logs/AssetImportWorker0.log
-srvPort
58120
Successfully changed project path to: C:/Users/Megha/Documents/Unity/MeghanC_UnityPrototype3/MeghanC_Unity3Project
C:/Users/Megha/Documents/Unity/MeghanC_UnityPrototype3/MeghanC_Unity3Project
Using Asset Import Pipeline V2.
Refreshing native plugins compatible for Editor in 61.79 ms, found 0 plugins.
Preloading 0 native plugins for Editor in 0.00 ms.
Initialize engine version: 2020.2.1f1 (270dd8c3da1c)
[Subsystems] Discovering subsystems at path C:/Program Files/Unity/Hub/Editor/2020.2.1f1/Editor/Data/Resources/UnitySubsystems
[Subsystems] Discovering subsystems at path C:/Users/Megha/Documents/Unity/MeghanC_UnityPrototype3/MeghanC_Unity3Project/Assets
GfxDevice: creating device client; threaded=0
Direct3D:
    Version:  Direct3D 11.0 [level 11.1]
    Renderer: AMD Radeon(TM) Vega 8 Graphics (ID=0x15dd)
    Vendor:   
    VRAM:     3561 MB
    Driver:   27.20.12033.1007
Initialize mono
Mono path[0] = 'C:/Program Files/Unity/Hub/Editor/2020.2.1f1/Editor/Data/Managed'
Mono path[1] = 'C:/Program Files/Unity/Hub/Editor/2020.2.1f1/Editor/Data/MonoBleedingEdge/lib/mono/unityjit'
Mono config path = 'C:/Program Files/Unity/Hub/Editor/2020.2.1f1/Editor/Data/MonoBleedingEdge/etc'
Using monoOptions --debugger-agent=transport=dt_socket,embedding=1,server=y,suspend=n,address=127.0.0.1:56252
Begin MonoManager ReloadAssembly
Registering precompiled unity dll's ...
Register platform support module: C:/Program Files/Unity/Hub/Editor/2020.2.1f1/Editor/Data/PlaybackEngines/MacStandaloneSupport/UnityEditor.OSXStandalone.Extensions.dll
Register platform support module: C:/Program Files/Unity/Hub/Editor/2020.2.1f1/Editor/Data/PlaybackEngines/WindowsStandaloneSupport/UnityEditor.WindowsStandalone.Extensions.dll
Registered in 0.003567 seconds.
Native extension for WindowsStandalone target not found
Native extension for OSXStandalone target not found
Refreshing native plugins compatible for Editor in 44.41 ms, found 0 plugins.
Preloading 0 native plugins for Editor in 0.00 ms.
Invoked RoslynAnalysisRunner static constructor.
RoslynAnalysisRunner will not be running.
RoslynAnalysisRunner has terminated.
Mono: successfully reloaded assembly
- Completed reload, in  2.071 seconds
Platform modules already initialized, skipping
Registering precompiled user dll's ...
Registered in 0.001569 seconds.
Begin MonoManager ReloadAssembly
Native extension for WindowsStandalone target not found
Native extension for OSXStandalone target not found
Refreshing native plugins compatible for Editor in 0.32 ms, found 0 plugins.
Preloading 0 native plugins for Editor in 0.00 ms.
Invoked RoslynAnalysisRunner static constructor.
RoslynAnalysisRunner will not be running.
RoslynAnalysisRunner has terminated.
Mono: successfully reloaded assembly
- Completed reload, in  1.565 seconds
Platform modules already initialized, skipping
========================================================================
Worker process is ready to serve import requests
Launched and connected shader compiler UnityShaderCompiler.exe after 0.16 seconds
Refreshing native plugins compatible for Editor in 0.35 ms, found 0 plugins.
Preloading 0 native plugins for Editor in 0.00 ms.
Unloading 1262 Unused Serialized files (Serialized files now loaded: 0)
System memory in use before: 68.2 MB.
System memory in use after: 68.3 MB.

Unloading 9 unused Assets to reduce memory usage. Loaded Objects now: 1706.
Total: 2.882600 ms (FindLiveObjects: 0.334800 ms CreateObjectMapping: 0.114800 ms MarkObjects: 2.332900 ms  DeleteObjects: 0.098500 ms)

========================================================================
Received Import Request.
  path: Assets/TextMesh Pro
  artifactKey: Guid(f54d1bd14bd3ca042bd867b519fee8cc) Importer(815301076,1909f56bfc062723c751e8b465ee728b)
Start importing Assets/TextMesh Pro using Guid(f54d1bd14bd3ca042bd867b519fee8cc) Importer(815301076,1909f56bfc062723c751e8b465ee728b)  -> (artifact id: '00000000000000000000000000000000') in 0.125941 seconds
  ERROR: Build asset version error: assets/textmesh pro.meta in SourceAssetDB has modification time of '2017-11-11T19:24:16Z' while content on disk has modification time of '0001-01-01T00:00:00Z'
  Import took 0.129060 seconds .

========================================================================
Received Prepare
Registering precompiled user dll's ...
Registered in 0.001666 seconds.
Begin MonoManager ReloadAssembly
Native extension for WindowsStandalone target not found
Native extension for OSXStandalone target not found
Refreshing native plugins compatible for Editor in 0.32 ms, found 0 plugins.
Preloading 0 native plugins for Editor in 0.00 ms.
Invoked RoslynAnalysisRunner static constructor.
RoslynAnalysisRunner will not be running.
RoslynAnalysisRunner has terminated.
Mono: successfully reloaded assembly
- Completed reload, in  1.196 seconds
Platform modules already initialized, skipping
Refreshing native plugins compatible for Editor in 0.30 ms, found 0 plugins.
Preloading 0 native plugins for Editor in 0.00 ms.
Unloading 1183 Unused Serialized files (Serialized files now loaded: 0)
System memory in use before: 64.6 MB.
System memory in use after: 64.7 MB.

Unloading 4 unused Assets to reduce memory usage. Loaded Objects now: 1708.
Total: 4.049500 ms (FindLiveObjects: 0.316600 ms CreateObjectMapping: 0.075700 ms MarkObjects: 3.629900 ms  DeleteObjects: 0.025600 ms)

========================================================================
Received Prepare
Registering precompiled user dll's ...
Registered in 0.054615 seconds.
Begin MonoManager ReloadAssembly
Native extension for WindowsStandalone target not found
Native extension for OSXStandalone target not found
Refreshing native plugins compatible for Editor in 0.46 ms, found 0 plugins.
Preloading 0 native plugins for Editor in 0.00 ms.
Invoked RoslynAnalysisRunner static constructor.
RoslynAnalysisRunner will not be running.
RoslynAnalysisRunner has terminated.
Mono: successfully reloaded assembly
- Completed reload, in  2.983 seconds
Platform modules already initialized, skipping
Refreshing native plugins compatible for Editor in 0.49 ms, found 0 plugins.
Preloading 0 native plugins for Editor in 0.00 ms.
Unloading 1183 Unused Serialized files (Serialized files now loaded: 0)
System memory in use before: 65.6 MB.
System memory in use after: 65.7 MB.

Unloading 4 unused Assets to reduce memory usage. Loaded Objects now: 1710.
Total: 4.564100 ms (FindLiveObjects: 0.393900 ms CreateObjectMapping: 0.090900 ms MarkObjects: 4.037200 ms  DeleteObjects: 0.039600 ms)

========================================================================
Received Prepare
Registering precompiled user dll's ...
Registered in 0.003892 seconds.
Begin MonoManager ReloadAssembly
Native extension for WindowsStandalone target not found
Native extension for OSXStandalone target not found
Refreshing native plugins compatible for Editor in 0.63 ms, found 0 plugins.
Preloading 0 native plugins for Editor in 0.00 ms.
Invoked RoslynAnalysisRunner static constructor.
RoslynAnalysisRunner will not be running.
RoslynAnalysisRunner has terminated.
Mono: successfully reloaded assembly
- Completed reload, in  3.039 seconds
Platform modules already initialized, skipping
Refreshing native plugins compatible for Editor in 0.46 ms, found 0 plugins.
Preloading 0 native plugins for Editor in 0.00 ms.
Unloading 1184 Unused Serialized files (Serialized files now loaded: 0)
System memory in use before: 65.6 MB.
System memory in use after: 65.7 MB.

Unloading 4 unused Assets to reduce memory usage. Loaded Objects now: 1713.
Total: 4.323900 ms (FindLiveObjects: 0.358700 ms CreateObjectMapping: 0.076900 ms MarkObjects: 3.844000 ms  DeleteObjects: 0.041700 ms)

========================================================================
Received Import Request.
  Time since last request: 837.526977 seconds.
  path: Assets/WinningSquare.cs
  artifactKey: Guid(14597d78a106dcc4888bafc2da03c899) Importer(815301076,1909f56bfc062723c751e8b465ee728b)
Start importing Assets/WinningSquare.cs using Guid(14597d78a106dcc4888bafc2da03c899) Importer(815301076,1909f56bfc062723c751e8b465ee728b)  -> (artifact id: '8448e50d4bc15f1b754298ccc1deb141') in 0.371458 seconds
  Import took 0.440111 seconds .

========================================================================
Received Prepare
Registering precompiled user dll's ...
Registered in 0.001557 seconds.
Begin MonoManager ReloadAssembly
Native extension for WindowsStandalone target not found
Native extension for OSXStandalone target not found
Refreshing native plugins compatible for Editor in 0.59 ms, found 0 plugins.
Preloading 0 native plugins for Editor in 0.00 ms.
Invoked RoslynAnalysisRunner static constructor.
RoslynAnalysisRunner will not be running.
RoslynAnalysisRunner has terminated.
Mono: successfully reloaded assembly
- Completed reload, in  2.092 seconds
Platform modules already initialized, skipping
Refreshing native plugins compatible for Editor in 0.42 ms, found 0 plugins.
Preloading 0 native plugins for Editor in 0.00 ms.
Unloading 1184 Unused Serialized files (Serialized files now loaded: 0)
System memory in use before: 65.7 MB.
System memory in use after: 65.8 MB.

Unloading 4 unused Assets to reduce memory usage. Loaded Objects now: 1715.
Total: 3.026200 ms (FindLiveObjects: 0.264300 ms CreateObjectMapping: 0.059700 ms MarkObjects: 2.675400 ms  DeleteObjects: 0.025100 ms)

========================================================================
Received Import Request.
  Time since last request: 497.120905 seconds.
  path: Assets/Invector-3rdPersonController_LITE/Scripts/CharacterController/vThirdPersonInput.cs
  artifactKey: Guid(5deb9ff5611cb9d4596d397ac57ee8c7) Importer(815301076,1909f56bfc062723c751e8b465ee728b)
Start importing Assets/Invector-3rdPersonController_LITE/Scripts/CharacterController/vThirdPersonInput.cs using Guid(5deb9ff5611cb9d4596d397ac57ee8c7) Importer(815301076,1909f56bfc062723c751e8b465ee728b)  -> (artifact id: '35a54cdab1fdd380501baa2e600e16c8') in 0.022001 seconds
  Import took 0.161694 seconds .

========================================================================
Received Prepare
Registering precompiled user dll's ...
Registered in 0.007279 seconds.
Begin MonoManager ReloadAssembly
Native extension for WindowsStandalone target not found
Native extension for OSXStandalone target not found
Refreshing native plugins compatible for Editor in 0.37 ms, found 0 plugins.
Preloading 0 native plugins for Editor in 0.00 ms.
Invoked RoslynAnalysisRunner static constructor.
RoslynAnalysisRunner will not be running.
RoslynAnalysisRunner has terminated.
Mono: successfully reloaded assembly
- Completed reload, in  1.739 seconds
Platform modules already initialized, skipping
Refreshing native plugins compatible for Editor in 0.33 ms, found 0 plugins.
Preloading 0 native plugins for Editor in 0.00 ms.
Unloading 1184 Unused Serialized files (Serialized files now loaded: 0)
System memory in use before: 65.7 MB.
System memory in use after: 65.8 MB.

Unloading 4 unused Assets to reduce memory usage. Loaded Objects now: 1717.
Total: 7.722800 ms (FindLiveObjects: 1.025700 ms CreateObjectMapping: 1.471400 ms MarkObjects: 5.172600 ms  DeleteObjects: 0.047700 ms)

========================================================================
Received Import Request.
  Time since last request: 353.280002 seconds.
  path: Assets/WinningSquare.cs
  artifactKey: Guid(14597d78a106dcc4888bafc2da03c899) Importer(815301076,1909f56bfc062723c751e8b465ee728b)
Start importing Assets/WinningSquare.cs using Guid(14597d78a106dcc4888bafc2da03c899) Importer(815301076,1909f56bfc062723c751e8b465ee728b)  -> (artifact id: '97f6151a79c9dc0e5622132497b8eef6') in 0.021472 seconds
  Import took 0.118537 seconds .

========================================================================
Received Prepare
Registering precompiled user dll's ...
Registered in 0.001312 seconds.
Begin MonoManager ReloadAssembly
Native extension for WindowsStandalone target not found
Native extension for OSXStandalone target not found
Refreshing native plugins compatible for Editor in 1.28 ms, found 0 plugins.
Preloading 0 native plugins for Editor in 0.00 ms.
Invoked RoslynAnalysisRunner static constructor.
RoslynAnalysisRunner will not be running.
RoslynAnalysisRunner has terminated.
Mono: successfully reloaded assembly
- Completed reload, in  2.743 seconds
Platform modules already initialized, skipping
Refreshing native plugins compatible for Editor in 1.11 ms, found 0 plugins.
Preloading 0 native plugins for Editor in 0.00 ms.
Unloading 1184 Unused Serialized files (Serialized files now loaded: 0)
System memory in use before: 65.7 MB.
System memory in use after: 65.8 MB.

Unloading 4 unused Assets to reduce memory usage. Loaded Objects now: 1719.
Total: 3.705100 ms (FindLiveObjects: 0.308900 ms CreateObjectMapping: 0.160900 ms MarkObjects: 3.205300 ms  DeleteObjects: 0.027700 ms)

========================================================================
Received Prepare
Registering precompiled user dll's ...
Registered in 0.006796 seconds.
Begin MonoManager ReloadAssembly
Native extension for WindowsStandalone target not found
Native extension for OSXStandalone target not found
Refreshing native plugins compatible for Editor in 1.12 ms, found 0 plugins.
Preloading 0 native plugins for Editor in 0.00 ms.
Invoked RoslynAnalysisRunner static constructor.
RoslynAnalysisRunner will not be running.
RoslynAnalysisRunner has terminated.
Mono: successfully reloaded assembly
- Completed reload, in  2.653 seconds
Platform modules already initialized, skipping
Refreshing native plugins compatible for Editor in 0.36 ms, found 0 plugins.
Preloading 0 native plugins for Editor in 0.00 ms.
Unloading 1184 Unused Serialized files (Serialized files now loaded: 0)
System memory in use before: 65.5 MB.
System memory in use after: 65.6 MB.

Unloading 4 unused Assets to reduce memory usage. Loaded Objects now: 1721.
Total: 2.638200 ms (FindLiveObjects: 0.193900 ms CreateObjectMapping: 0.054500 ms MarkObjects: 2.366200 ms  DeleteObjects: 0.022100 ms)

========================================================================
Received Import Request.
  Time since last request: 2121.110746 seconds.
  path: Assets/Metal textures pack/pattern 01
  artifactKey: Guid(7c4938809dac4564a8443634f7b98b70) Importer(815301076,1909f56bfc062723c751e8b465ee728b)
Start importing Assets/Metal textures pack/pattern 01 using Guid(7c4938809dac4564a8443634f7b98b70) Importer(815301076,1909f56bfc062723c751e8b465ee728b)  -> (artifact id: '300eb4cf79196389370b3199f61db05d') in 0.020626 seconds
  Import took 0.024790 seconds .

========================================================================
Received Import Request.
  Time since last request: 103.182293 seconds.
  path: Assets/Metal textures pack/pattern 02/glow.tga
  artifactKey: Guid(ce1f22b4f74a54a49bd756acdb4b44c6) Importer(815301076,1909f56bfc062723c751e8b465ee728b)
Start importing Assets/Metal textures pack/pattern 02/glow.tga using Guid(ce1f22b4f74a54a49bd756acdb4b44c6) Importer(815301076,1909f56bfc062723c751e8b465ee728b)  -> (artifact id: 'ab95418e94d7a6de2369eebd7812cd1a') in 0.784769 seconds
  Import took 0.788540 seconds .

========================================================================
Received Import Request.
  Time since last request: 1272.136686 seconds.
  path: Assets/Invector-3rdPersonController_LITE/Resources/BebasKai-Regular.otf
  artifactKey: Guid(a8f74dbf0f81e504bbbdf3f6063e1047) Importer(815301076,1909f56bfc062723c751e8b465ee728b)
Start importing Assets/Invector-3rdPersonController_LITE/Resources/BebasKai-Regular.otf using Guid(a8f74dbf0f81e504bbbdf3f6063e1047) Importer(815301076,1909f56bfc062723c751e8b465ee728b)  -> (artifact id: '36aaec5bbf7b1fc63b366e1490426161') in 1.079076 seconds
  Import took 1.083958 seconds .

========================================================================
Received Import Request.
  Time since last request: 0.000571 seconds.
  path: Assets/Invector-3rdPersonController_LITE/Resources/Reckoner.ttf
  artifactKey: Guid(6d5f66926f86d304eadada78d16964b0) Importer(815301076,1909f56bfc062723c751e8b465ee728b)
Start importing Assets/Invector-3rdPersonController_LITE/Resources/Reckoner.ttf using Guid(6d5f66926f86d304eadada78d16964b0) Importer(815301076,1909f56bfc062723c751e8b465ee728b)  -> (artifact id: '7d0c4d6f05bbf1b2e553ac20fba28d48') in 0.090027 seconds
  Import took 0.094073 seconds .

========================================================================
Received Import Request.
  Time since last request: 47.761494 seconds.
  path: Assets/Barril pack/Prefab/Barrel.prefab
  artifactKey: Guid(f858d3110ba2e5744b0ba391e05440c0) Importer(815301076,1909f56bfc062723c751e8b465ee728b)
Start importing Assets/Barril pack/Prefab/Barrel.prefab using Guid(f858d3110ba2e5744b0ba391e05440c0) Importer(815301076,1909f56bfc062723c751e8b465ee728b)  -> (artifact id: '63e32518cb77d8adb49371346bd9a59f') in 0.366914 seconds
  Import took 0.371416 seconds .

========================================================================
Received Prepare
Registering precompiled user dll's ...
Registered in 0.001950 seconds.
Begin MonoManager ReloadAssembly
Native extension for WindowsStandalone target not found
Native extension for OSXStandalone target not found
Refreshing native plugins compatible for Editor in 0.65 ms, found 0 plugins.
Preloading 0 native plugins for Editor in 0.00 ms.
Invoked RoslynAnalysisRunner static constructor.
RoslynAnalysisRunner will not be running.
RoslynAnalysisRunner has terminated.
Mono: successfully reloaded assembly
- Completed reload, in  1.844 seconds
Platform modules already initialized, skipping
Refreshing native plugins compatible for Editor in 0.37 ms, found 0 plugins.
Preloading 0 native plugins for Editor in 0.00 ms.
Unloading 1184 Unused Serialized files (Serialized files now loaded: 0)
System memory in use before: 70.1 MB.
System memory in use after: 70.2 MB.

Unloading 4 unused Assets to reduce memory usage. Loaded Objects now: 1770.
Total: 3.216200 ms (FindLiveObjects: 0.234100 ms CreateObjectMapping: 0.048200 ms MarkObjects: 2.907500 ms  DeleteObjects: 0.024600 ms)

AssetImportWorkerClient::OnTransportError - code=2 error=End of file
